2022-07-16 09:51:02 error: [GET] /api/v1/profile/search >> StatusCode:: 500, Message:: Cannot read properties of undefined (reading 'toLowerCase')
2022-07-16 09:51:15 error: [GET] /api/v1/profile/search >> StatusCode:: 500, Message:: Cannot read properties of undefined (reading 'toLowerCase')
2022-07-16 09:51:36 error: [GET] /api/v1/profile/search >> StatusCode:: 500, Message:: Cannot read properties of undefined (reading 'toLowerCase')
2022-07-16 09:52:11 error: [GET] /api/v1/profile/search >> StatusCode:: 404, Message:: No matching profiles found
2022-07-16 09:52:20 error: [GET] /api/v1/profile/search >> StatusCode:: 404, Message:: No matching profiles found
2022-07-16 09:54:29 error: [GET] /api/v1/profile/search >> StatusCode:: 404, Message:: No matching profiles found
2022-07-16 10:46:45 error: [GET] /api/v1/auth/login >> StatusCode:: 401, Message:: Invalid credentials
2022-07-16 10:47:02 error: [PUT] /api/v1/profile >> StatusCode:: 401, Message:: Authentication token missing
2022-07-16 10:49:09 error: uncaughtException: write EPIPE
Error: write EPIPE
    at process.target._send (node:internal/child_process:844:20)
    at process.target.send (node:internal/child_process:717:19)
    at Object.exports.send (/Users/gagetylee/callio-api/node_modules/ts-node-dev/lib/ipc.js:17:14)
    at /Users/gagetylee/callio-api/node_modules/ts-node-dev/lib/wrap.js:88:9
    at Object.nodeDevHook [as .js] (/Users/gagetylee/callio-api/node_modules/ts-node-dev/lib/hook.js:61:17)
    at Module.load (node:internal/modules/cjs/loader:975:32)
    at Function.Module._load (node:internal/modules/cjs/loader:822:12)
    at Module.require (node:internal/modules/cjs/loader:999:19)
    at require (node:internal/modules/cjs/helpers:102:18)
    at Object.<anonymous> (/Users/gagetylee/callio-api/node_modules/swagger-jsdoc/index.js:1:18)
2022-07-16 10:49:15 error: [PUT] /api/v1/profile >> StatusCode:: 400, Message:: property first_name should not exist
2022-07-16 11:05:25 error: [GET] /api/v1/profile/search >> StatusCode:: 404, Message:: No matching profiles found
2022-07-16 11:34:47 error: [GET] /api/v1/profile/gage >> StatusCode:: 500, Message:: Cannot read properties of undefined (reading 'profileService')
2022-07-16 11:35:02 error: [GET] /api/v1/profile/gage >> StatusCode:: 404, Message:: Profile not found
2022-07-16 11:35:18 error: [GET] /api/v1/profile/gagetyle >> StatusCode:: 404, Message:: Profile not found
2022-07-16 11:39:37 error: [GET] /api/v1/profile/search >> StatusCode:: 404, Message:: Profile not found
2022-07-16 11:39:45 error: [GET] /api/v1/profile/search >> StatusCode:: 404, Message:: Profile not found
2022-07-16 11:39:58 error: [GET] /api/v1/profile/search >> StatusCode:: 404, Message:: Profile not found
2022-07-16 11:40:34 error: [GET] /api/v1/profile/search >> StatusCode:: 404, Message:: Profile not found
2022-07-16 11:43:08 error: [GET] /api/v1/profile/search/ji >> StatusCode:: 500, Message:: Cannot read properties of undefined (reading 'toLowerCase')
2022-07-16 11:46:37 error: [GET] /api/v1/profile/search/ >> StatusCode:: 404, Message:: Profile not found
2022-07-16 12:11:58 error: [GET] /api/v1/profile/search/ >> StatusCode:: 404, Message:: Profile not found
2022-07-16 12:11:59 error: [GET] /api/v1/profile/search/ >> StatusCode:: 404, Message:: Profile not found
2022-07-16 12:13:17 error: [GET] /api/v1/profile >> StatusCode:: 404, Message:: No matching profiles found
2022-07-16 12:13:55 error: [GET] /api/v1/profile >> StatusCode:: 404, Message:: No matching profiles found
2022-07-16 12:14:03 error: [GET] /api/v1/profile >> StatusCode:: 404, Message:: No matching profiles found
2022-07-16 12:17:09 error: [PUT] /api/v1/profile >> StatusCode:: 401, Message:: Authentication token missing
2022-07-16 12:17:20 error: [PUT] /api/v1/profile >> StatusCode:: 401, Message:: Authentication token missing
2022-07-16 12:17:21 error: [PUT] /api/v1/profile >> StatusCode:: 401, Message:: Authentication token missing
2022-07-16 12:17:23 error: [PUT] /api/v1/profile >> StatusCode:: 401, Message:: Authentication token missing
2022-07-16 12:17:28 error: [PUT] /api/v1/profile >> StatusCode:: 401, Message:: Authentication token missing
2022-07-16 12:17:52 error: [PUT] /api/v1/profile >> StatusCode:: 401, Message:: Authentication token missing
2022-07-16 12:17:53 error: [PUT] /api/v1/profile >> StatusCode:: 401, Message:: Authentication token missing
2022-07-16 12:18:00 error: [PUT] /api/v1/profile >> StatusCode:: 401, Message:: Authentication token a
2022-07-16 12:21:19 error: [GET] /api/v1/profile >> StatusCode:: 400, Message:: limit must be a number conforming to the specified constraints
2022-07-16 12:21:25 error: [GET] /api/v1/profile >> StatusCode:: 400, Message:: limit must be a number conforming to the specified constraints
2022-07-16 12:21:49 error: [GET] /api/v1/profile >> StatusCode:: 400, Message:: limit must be a number conforming to the specified constraints
2022-07-16 12:22:50 error: [GET] /api/v1/profile >> StatusCode:: 400, Message:: limit must be a number conforming to the specified constraints
2022-07-16 12:25:55 error: [GET] /api/v1/profile >> StatusCode:: 404, Message:: No matching profiles found
2022-07-16 17:07:35 error: uncaughtException: Please provide either 'type' or 'entity' attribute in Profile.projects
Error: Please provide either 'type' or 'entity' attribute in Profile.projects
    at ReflectMetadataProvider.initPropertyType (/Users/gagetylee/callio-api/node_modules/@mikro-orm/core/metadata/ReflectMetadataProvider.js:14:19)
    at /Users/gagetylee/callio-api/node_modules/@mikro-orm/core/metadata/ReflectMetadataProvider.js:9:54
    at ReflectMetadataProvider.initProperties (/Users/gagetylee/callio-api/node_modules/@mikro-orm/core/metadata/MetadataProvider.js:34:23)
    at ReflectMetadataProvider.loadEntityMetadata (/Users/gagetylee/callio-api/node_modules/@mikro-orm/core/metadata/ReflectMetadataProvider.js:9:9)
    at MetadataDiscovery.discoverEntity (/Users/gagetylee/callio-api/node_modules/@mikro-orm/core/metadata/MetadataDiscovery.js:224:13)
    at MetadataDiscovery.discoverReferences (/Users/gagetylee/callio-api/node_modules/@mikro-orm/core/metadata/MetadataDiscovery.js:163:13)
    at MetadataDiscovery.findEntities (/Users/gagetylee/callio-api/node_modules/@mikro-orm/core/metadata/MetadataDiscovery.js:90:9)
    at MetadataDiscovery.discover (/Users/gagetylee/callio-api/node_modules/@mikro-orm/core/metadata/MetadataDiscovery.js:34:9)
    at MikroORM.discoverEntities (/Users/gagetylee/callio-api/node_modules/@mikro-orm/core/MikroORM.js:90:25)
    at Function.init (/Users/gagetylee/callio-api/node_modules/@mikro-orm/core/MikroORM.js:45:9)
2022-07-16 17:08:29 error: uncaughtException: Entity 'Project' was not discovered, please make sure to provide it in 'entities' array when initializing the ORM (used in Profile.projects)
MetadataError: Entity 'Project' was not discovered, please make sure to provide it in 'entities' array when initializing the ORM (used in Profile.projects)
    at Function.fromUnknownEntity (/Users/gagetylee/callio-api/node_modules/@mikro-orm/core/errors.js:148:16)
    at /Users/gagetylee/callio-api/node_modules/@mikro-orm/core/metadata/MetadataValidator.js:55:46
    at Array.forEach (<anonymous>)
    at /Users/gagetylee/callio-api/node_modules/@mikro-orm/core/metadata/MetadataValidator.js:53:67
    at Array.forEach (<anonymous>)
    at MetadataValidator.validateDiscovered (/Users/gagetylee/callio-api/node_modules/@mikro-orm/core/metadata/MetadataValidator.js:53:20)
    at MetadataDiscovery.findEntities (/Users/gagetylee/callio-api/node_modules/@mikro-orm/core/metadata/MetadataDiscovery.js:92:24)
    at MetadataDiscovery.discover (/Users/gagetylee/callio-api/node_modules/@mikro-orm/core/metadata/MetadataDiscovery.js:34:9)
    at MikroORM.discoverEntities (/Users/gagetylee/callio-api/node_modules/@mikro-orm/core/MikroORM.js:90:25)
    at Function.init (/Users/gagetylee/callio-api/node_modules/@mikro-orm/core/MikroORM.js:45:9)
2022-07-16 17:10:47 error: [GET] /api/v1/project >> StatusCode:: 500, Message:: select "p0".* from "project" as "p0" - relation "project" does not exist
2022-07-16 17:11:36 error: [GET] /api/v1/project >> StatusCode:: 500, Message:: select "p0".* from "project" as "p0" - relation "project" does not exist
2022-07-16 17:14:44 error: [GET] /api/v1/project >> StatusCode:: 404, Message:: No projects found
2022-07-16 17:14:54 error: [POST] /api/v1/project >> StatusCode:: 401, Message:: Authentication token missing
2022-07-16 17:16:15 error: [POST] /api/v1/project >> StatusCode:: 400, Message:: minUsers must be a positive number,minUsers must be a number conforming to the specified constraints, maxUsers must be a positive number,maxUsers must be a number conforming to the specified constraints
2022-07-16 17:16:47 error: [POST] /api/v1/project >> StatusCode:: 409, Message:: Project name My first Project, already exists
2022-07-16 17:17:37 error: [POST] /api/v1/project >> StatusCode:: 409, Message:: Project name My first Project, already exists
2022-07-16 17:18:01 error: [POST] /api/v1/project >> StatusCode:: 409, Message:: Project name Next, already exists
2022-07-16 17:18:44 error: [POST] /api/v1/project >> StatusCode:: 409, Message:: Project name Next, already exists
2022-07-16 17:18:53 error: [POST] /api/v1/project >> StatusCode:: 409, Message:: Project name Next, already exists
2022-07-16 17:19:11 error: [POST] /api/v1/project >> StatusCode:: 409, Message:: Project name Next, already exists
2022-07-16 17:19:58 error: [GET] /api/v1/project >> StatusCode:: 404, Message:: No projects found
2022-07-16 17:19:59 error: [GET] /api/v1/project >> StatusCode:: 404, Message:: No projects found
2022-07-16 17:19:59 error: [GET] /api/v1/project >> StatusCode:: 404, Message:: No projects found
2022-07-16 17:20:00 error: [GET] /api/v1/project >> StatusCode:: 404, Message:: No projects found
