2022-07-08 13:58:43 error: [GET] /api/v1/user >> StatusCode:: 500, Message:: DataSource is not set for this entity.
2022-07-08 13:58:59 error: [GET] /api/v1/user >> StatusCode:: 500, Message:: DataSource is not set for this entity.
2022-07-08 13:59:15 error: [GET] /api/v1/user >> StatusCode:: 500, Message:: DataSource is not set for this entity.
2022-07-08 13:59:16 error: [GET] /api/v1/user >> StatusCode:: 500, Message:: DataSource is not set for this entity.
2022-07-08 13:59:26 error: [GET] /api/v1/user >> StatusCode:: 500, Message:: DataSource is not set for this entity.
2022-07-08 18:23:00 error: [GET] /api/v1/user >> StatusCode:: 500, Message:: Cannot read properties of undefined (reading 'findAll')
2022-07-08 18:23:05 error: [GET] /api/v1/user >> StatusCode:: 500, Message:: Cannot read properties of undefined (reading 'findAll')
2022-07-08 18:24:38 error: [GET] /api/v1/user >> StatusCode:: 500, Message:: Cannot read properties of undefined (reading 'findAll')
2022-07-08 18:37:47 error: [GET] /api/v1/user >> StatusCode:: 500, Message:: Cannot read properties of undefined (reading 'findAll')
2022-07-08 18:38:09 error: [GET] /api/v1/user >> StatusCode:: 500, Message:: Cannot read properties of undefined (reading 'findAll')
2022-07-08 18:38:38 error: [GET] /api/v1/user >> StatusCode:: 500, Message:: Cannot read properties of undefined (reading 'findAll')
2022-07-08 18:38:39 error: [GET] /api/v1/user >> StatusCode:: 500, Message:: Cannot read properties of undefined (reading 'findAll')
2022-07-08 18:38:54 error: [GET] /api/v1/user >> StatusCode:: 500, Message:: Cannot read properties of undefined (reading 'findAll')
2022-07-08 18:38:54 error: [GET] /api/v1/user >> StatusCode:: 500, Message:: Cannot read properties of undefined (reading 'findAll')
2022-07-08 18:39:14 error: [GET] /api/v1/user >> StatusCode:: 500, Message:: Cannot read properties of undefined (reading 'findAll')
2022-07-08 19:35:31 error: [GET] /api/v1/user >> StatusCode:: 404, Message:: No users found
2022-07-08 19:36:05 error: [GET] /api/v1/user >> StatusCode:: 404, Message:: No users found
2022-07-08 19:36:06 error: [GET] /api/v1/user >> StatusCode:: 404, Message:: No users found
2022-07-08 19:36:36 error: [GET] /api/v1/user >> StatusCode:: 404, Message:: No users found
2022-07-08 19:36:37 error: [GET] /api/v1/user >> StatusCode:: 404, Message:: No users found
2022-07-08 20:47:10 error: [GET] /api/v1/user >> StatusCode:: 404, Message:: No users found
2022-07-08 20:47:11 error: [GET] /api/v1/user >> StatusCode:: 404, Message:: No users found
2022-07-08 21:10:36 error: [GET] /api/v1/user >> StatusCode:: 404, Message:: No users found
2022-07-08 21:13:15 error: [POST] /api/v1/user >> StatusCode:: 409, Message:: Email is already in use
2022-07-08 21:14:25 error: [GET] /api/v1/user/37 >> StatusCode:: 404, Message:: User not found
2022-07-08 21:27:23 error: [GET] /api/v1/user/37 >> StatusCode:: 404, Message:: User not found
