2022-07-09 12:46:30 error: [PUT] /api/v1/user/33 >> StatusCode:: 400, Message:: email must be an email
2022-07-09 14:08:32 error: [PUT] /api/v1/user/33 >> StatusCode:: 400, Message:: email must be an email
2022-07-09 14:08:59 error: [PUT] /api/v1/user/33 >> StatusCode:: 400, Message:: email must be an email
2022-07-09 14:09:30 error: [PUT] /api/v1/user/33 >> StatusCode:: 400, Message:: email must be an email
2022-07-09 14:09:49 error: [PUT] /api/v1/user/33 >> StatusCode:: 400, Message:: email must be an email
2022-07-09 14:10:17 error: [PUT] /api/v1/user/33 >> StatusCode:: 400, Message:: email must be an email
2022-07-09 14:13:52 error: [PUT] /api/v1/user/33 >> StatusCode:: 400, Message:: email must be an email
2022-07-09 14:13:53 error: [PUT] /api/v1/user/33 >> StatusCode:: 400, Message:: email must be an email
2022-07-09 14:14:06 error: [PUT] /api/v1/user/33 >> StatusCode:: 400, Message:: email must be an email
2022-07-09 14:16:01 error: [PUT] /api/v1/user/33 >> StatusCode:: 400, Message:: email must be an email
2022-07-09 14:18:07 error: [POST] /api/v1/user >> StatusCode:: 400, Message:: Unexpected token } in JSON at position 52
2022-07-09 14:18:13 error: [POST] /api/v1/user >> StatusCode:: 500, Message:: Value for User.email is required, 'undefined' found
entity: User {
  createdAt: 2022-07-09T21:18:13.574Z,
  updatedAt: 2022-07-09T21:18:13.574Z,
  firstName: 'Gage',
  lastName: 'Tylee'
}
2022-07-09 14:19:27 error: [POST] /api/v1/user >> StatusCode:: 500, Message:: Value for User.lastName is required, 'undefined' found
entity: User {
  createdAt: 2022-07-09T21:19:27.818Z,
  updatedAt: 2022-07-09T21:19:27.818Z,
  firstName: 'Gage',
  email: 'hello@gmail.com'
}
2022-07-09 14:31:18 error: [PUT] /api/v1/user/33 >> StatusCode:: 400, Message:: email must be an email
2022-07-09 14:31:55 error: [PUT] /api/v1/user/33 >> StatusCode:: 400, Message:: email must be an email
2022-07-09 14:32:33 error: [PUT] /api/v1/user/33 >> StatusCode:: 400, Message:: email must be an email
2022-07-09 14:36:40 error: [PUT] /api/v1/user/33 >> StatusCode:: 400, Message:: property hrs should not exist
2022-07-09 14:39:13 error: [PUT] /api/v1/user/33 >> StatusCode:: 400, Message:: email must be an email
2022-07-09 14:54:32 error: [POST] /api/v1/user >> StatusCode:: 400, Message:: lastName must be a string
2022-07-09 14:56:09 error: [PUT] /api/v1/user/36 >> StatusCode:: 404, Message:: User not found
2022-07-09 20:51:31 error: [GET] /api/v1/user >> StatusCode:: 500, Message:: select "u0".* from "user" as "u0" - relation "user" does not exist
2022-07-09 20:51:37 error: [GET] /api/v1/user/33 >> StatusCode:: 500, Message:: select "u0".* from "user" as "u0" where "u0"."id" = 33 limit 1 - relation "user" does not exist
2022-07-09 20:53:17 error: [GET] /api/v1/user >> StatusCode:: 500, Message:: select "u0".* from "user" as "u0" - relation "user" does not exist
2022-07-09 20:54:17 error: [GET] /api/v1/user >> StatusCode:: 500, Message:: select "u0".* from "user" as "u0" - relation "user" does not exist
2022-07-09 20:55:52 error: [GET] /api/v1/user >> StatusCode:: 500, Message:: select "u0".* from "user" as "u0" - relation "user" does not exist
2022-07-09 20:57:37 error: [GET] /api/v1/user >> StatusCode:: 500, Message:: select "u0".* from "user" as "u0" - relation "user" does not exist
2022-07-09 20:58:07 error: [GET] /api/v1/user >> StatusCode:: 500, Message:: select "u0".* from "user" as "u0" - relation "user" does not exist
2022-07-09 21:00:11 error: [POST] /api/v1/user >> StatusCode:: 500, Message:: select "u0".* from "user" as "u0" where "u0"."email" = 'jonsnow@gmail.com' limit 1 - relation "user" does not exist
2022-07-09 21:21:31 error: [GET] /api/v1/project >> StatusCode:: 500, Message:: Cannot read properties of undefined (reading 'find')
2022-07-09 21:22:56 error: [GET] /api/v1/project >> StatusCode:: 500, Message:: Cannot read properties of undefined (reading 'findAll')
2022-07-09 21:23:32 error: [GET] /api/v1/project >> StatusCode:: 500, Message:: Cannot read properties of undefined (reading 'findAll')
2022-07-09 21:24:07 error: [GET] /api/v1/project >> StatusCode:: 500, Message:: Cannot read properties of undefined (reading 'findAll')
2022-07-09 21:25:00 error: [GET] /api/v1/project >> StatusCode:: 404, Message:: No projects found
2022-07-09 21:43:25 error: [POST] /api/v1/project >> StatusCode:: 500, Message:: Cannot read properties of undefined (reading 'projectService')
2022-07-09 23:35:23 error: [POST] /api/v1/project >> StatusCode:: 500, Message:: Value for User.firstName is required, 'undefined' found
entity: User {
  createdAt: 2022-07-10T06:35:23.430Z,
  updatedAt: 2022-07-10T06:35:23.430Z,
  projects: Collection<Project> { initialized: true, dirty: false },
  id: 1
}
2022-07-09 23:35:32 error: [POST] /api/v1/project >> StatusCode:: 500, Message:: Value for User.firstName is required, 'undefined' found
entity: User {
  createdAt: 2022-07-10T06:35:23.430Z,
  updatedAt: 2022-07-10T06:35:23.430Z,
  projects: Collection<Project> { initialized: true, dirty: false },
  id: 1
}
