2022-07-07 09:33:59 error: [POST] /api/v1/user >> StatusCode:: 500, Message:: Cannot read properties of undefined (reading 'userService')
2022-07-07 09:57:08 error: [GET] /api/v1/user >> StatusCode:: 404, Message:: No users found
2022-07-07 10:23:35 error: [POST] /api/v1/user >> StatusCode:: 500, Message:: i dont know
2022-07-07 11:27:56 error: [POST] /api/v1/user >> StatusCode:: 409, Message:: Email is already in use
2022-07-07 11:27:58 error: [POST] /api/v1/user >> StatusCode:: 409, Message:: Email is already in use
2022-07-07 11:27:59 error: [POST] /api/v1/user >> StatusCode:: 409, Message:: Email is already in use
2022-07-07 11:28:05 error: [POST] /api/v1/user >> StatusCode:: 409, Message:: Email is already in use
2022-07-07 11:28:27 error: [POST] /api/v1/user >> StatusCode:: 409, Message:: Email is already in use
2022-07-07 11:29:07 error: [POST] /api/v1/user >> StatusCode:: 409, Message:: Email is already in use
2022-07-07 11:29:54 error: [POST] /api/v1/user >> StatusCode:: 409, Message:: Email is already in use
2022-07-07 11:30:25 error: [POST] /api/v1/user >> StatusCode:: 409, Message:: Email is already in use
2022-07-07 11:30:58 error: [POST] /api/v1/user >> StatusCode:: 409, Message:: Email is already in use
2022-07-07 11:31:16 error: [POST] /api/v1/user >> StatusCode:: 409, Message:: Email is already in use
2022-07-07 19:38:27 error: [GET] /api/v1/user >> StatusCode:: 500, Message:: DataSource is not set for this entity.
2022-07-07 19:39:27 error: [GET] /api/v1/user >> StatusCode:: 500, Message:: DataSource is not set for this entity.
2022-07-07 19:42:12 error: [GET] /api/v1/user >> StatusCode:: 500, Message:: DataSource is not set for this entity.
2022-07-07 19:42:13 error: [GET] /api/v1/user >> StatusCode:: 500, Message:: DataSource is not set for this entity.
2022-07-07 19:42:14 error: [GET] /api/v1/user >> StatusCode:: 500, Message:: DataSource is not set for this entity.
2022-07-07 19:44:58 error: [GET] /api/v1/user >> StatusCode:: 500, Message:: DataSource is not set for this entity.
2022-07-07 19:45:01 error: [GET] /api/v1/user >> StatusCode:: 500, Message:: DataSource is not set for this entity.
2022-07-07 19:45:23 error: [GET] /api/v1/user >> StatusCode:: 500, Message:: DataSource is not set for this entity.
2022-07-07 19:45:39 error: [GET] /api/v1/user >> StatusCode:: 500, Message:: DataSource is not set for this entity.
2022-07-07 19:56:53 error: [GET] /api/v1/user >> StatusCode:: 500, Message:: DataSource is not set for this entity.
2022-07-07 21:40:09 error: [GET] /api/v1/user >> StatusCode:: 500, Message:: column User.createdAt does not exist
2022-07-07 21:41:16 error: [POST] /api/v1/user >> StatusCode:: 500, Message:: column User.createdAt does not exist
2022-07-07 21:42:06 error: [GET] /api/v1/user >> StatusCode:: 500, Message:: column User.createdAt does not exist
2022-07-07 21:42:07 error: [GET] /api/v1/user >> StatusCode:: 500, Message:: column User.createdAt does not exist
2022-07-07 21:42:08 error: [GET] /api/v1/user >> StatusCode:: 500, Message:: column User.createdAt does not exist
2022-07-07 21:42:57 error: [GET] /api/v1/user >> StatusCode:: 404, Message:: No users found
2022-07-07 21:46:16 error: [GET] /api/v1/user >> StatusCode:: 404, Message:: No users found
2022-07-07 21:46:17 error: [GET] /api/v1/user >> StatusCode:: 404, Message:: No users found
2022-07-07 21:48:53 error: [GET] /api/v1/user/32 >> StatusCode:: 500, Message:: Cannot read property 'userService' of undefined
2022-07-07 21:49:02 error: [GET] /api/v1/user/32 >> StatusCode:: 500, Message:: Cannot read property 'userService' of undefined
2022-07-07 21:49:54 error: [GET] /api/v1/user/31 >> StatusCode:: 404, Message:: User not found
